<?xml version="1.0" encoding="UTF-8"?>
<!-- Generated by org.testng.reporters.JUnitReportReporter -->
<testsuite skipped="0" hostname="DESKTOP-9A93U2P" name="practice2021.AddEmployee" tests="1" failures="0" timestamp="2021-10-10T16:09:38 MSK" time="4.883" errors="0">
  <testcase name="addNewEmployee" time="4.883" classname="practice2021.AddEmployee"/>
  <system-out/>
</testsuite> <!-- practice2021.AddEmployee -->
