<?xml version="1.0" encoding="UTF-8"?>
<!-- Generated by org.testng.reporters.JUnitReportReporter -->
<testsuite skipped="0" hostname="DESKTOP-9A93U2P" name="practice2021.Logout" tests="1" failures="0" timestamp="2021-10-10T22:12:30 MSK" time="1.095" errors="0">
  <testcase name="logout" time="1.095" classname="practice2021.Logout"/>
  <system-out/>
</testsuite> <!-- practice2021.Logout -->
