<?xml version="1.0" encoding="UTF-8"?>
<!-- Generated by org.testng.reporters.JUnitReportReporter -->
<testsuite skipped="0" hostname="DESKTOP-9A93U2P" name="practice2021.DeleteEmployee" tests="1" failures="0" timestamp="2021-10-10T16:16:42 MSK" time="2.690" errors="0">
  <testcase name="deleteEmployee" time="2.690" classname="practice2021.DeleteEmployee"/>
  <system-out/>
</testsuite> <!-- practice2021.DeleteEmployee -->
